Arguments: 
  C:\Program Files\nodejs\node.exe C:\Program Files\nodejs\node_modules\yarn\bin\yarn.js add @vue-cli

PATH: 
  C:\MongoDB\bin;E:\Java\bin;E:\xampp\php;C:\WINDOWS\system32;C:\WINDOWS;C:\WINDOWS\System32\Wbem;C:\WINDOWS\System32\WindowsPowerShell\v1.0;D:\xampp\mysql\bin;C:\WINDOWS\System32\WindowsPowerShell\v1.0\;E:\git\bin;C:\Program Files\TortoiseSVN\bin;E:\SVN\bin;C:cygwinbin;E:\Git\cmd;C:\nvm;C:\Program Files\nodejs;E:\Microsoft VS Code\bin;C:\WINDOWS\System32\OpenSSH\;C:\MongoDB\bin;E:\xampp\php;C:\Users\jbone\AppData\Local\Microsoft\WindowsApps;E:\xampp\mysql\bin;C:\Users\jbone\AppData\Local\atom\bin;E:\Microsoft VS Code\bin;C:cygwinbin;C:\nvm;C:\Program Files\nodejs;C:\Fiddler;%USERPROFILE%\AppData\Local\Microsoft\WindowsApps;

Yarn version: 
  1.12.1

Node version: 
  10.1.0

Platform: 
  win32 x64

Trace: 
  Error: https://registry.npmjs.org/@vue-cli: Request "https://registry.npmjs.org/@vue-cli" returned a 405
      at Request.params.callback [as _callback] (C:\nvm\v10.1.0\node_modules\yarn\lib\cli.js:62135:18)
      at Request.self.callback (C:\nvm\v10.1.0\node_modules\yarn\lib\cli.js:124482:22)
      at Request.emit (events.js:182:13)
      at Request.<anonymous> (C:\nvm\v10.1.0\node_modules\yarn\lib\cli.js:125454:10)
      at Request.emit (events.js:182:13)
      at IncomingMessage.<anonymous> (C:\nvm\v10.1.0\node_modules\yarn\lib\cli.js:125376:12)
      at Object.onceWrapper (events.js:273:13)
      at IncomingMessage.emit (events.js:187:15)
      at endReadableNT (_stream_readable.js:1086:12)
      at process._tickCallback (internal/process/next_tick.js:63:19)

npm manifest: 
  {
    "name": "jbone",
    "version": "1.0.0",
    "description": "",
    "main": "1.arr.js",
    "scripts": {
      "test": "echo \"Error: no test specified\" && exit 1"
    },
    "author": "",
    "license": "MIT",
    "dependencies": {}
  }

yarn manifest: 
  No manifest

Lockfile: 
  # THIS IS AN AUTOGENERATED FILE. DO NOT EDIT THIS FILE DIRECTLY.
  # yarn lockfile v1
